<?xml version="1.0" encoding="UTF-8"?>
<!-- Generated by org.testng.reporters.JUnitXMLReporter -->
<testsuite hostname="WKWIN8447711" failures="0" tests="3" name="PackageTestCase" time="1.648" errors="0" timestamp="19 Aug 2021 14:54:16 GMT">
  <testcase classname="com.sample.ActiveMQ.GetAllCustomerTest" name="GetCustomerFound_positive" time="1.436"/>
  <testcase classname="com.sample.ActiveMQ.GetCustomerDetails" name="GetCustomerFound_notFound" time="0.048"/>
  <testcase classname="com.sample.ActiveMQ.GetCustomerDetails" name="GetCustomerFound_positive" time="0.071"/>
</testsuite> <!-- PackageTestCase -->
