<?xml version="1.0" encoding="UTF-8"?>
<testng-results ignored="0" total="0" passed="0" failed="0" skipped="0">
  <reporter-output>
  </reporter-output>
  <suite started-at="2021-08-19T18:46:51 IST" name="com.sample.ActiveMQ.GetAllCustomerTest" finished-at="2021-08-19T18:46:51 IST" duration-ms="6">
    <groups>
    </groups>
    <test started-at="2021-08-19T18:46:51 IST" name="Command line test" finished-at="2021-08-19T18:46:51 IST" duration-ms="6">
    </test> <!-- Command line test -->
  </suite> <!-- com.sample.ActiveMQ.GetAllCustomerTest -->
</testng-results>
