<?xml version="1.0" encoding="UTF-8"?>
<testng-results total="3" passed="3" failed="0" skipped="0">
  <reporter-output>
  </reporter-output>
  <suite started-at="2021-08-19T14:54:14Z" name="Suite" finished-at="2021-08-19T14:54:16Z" duration-ms="1648">
    <groups>
    </groups>
    <test started-at="2021-08-19T14:54:14Z" name="PackageTestCase" finished-at="2021-08-19T14:54:16Z" duration-ms="1648">
      <class name="com.sample.ActiveMQ.GetAllCustomerTest">
        <test-method signature="GetCustomerFound_positive()[pri:0, instance:com.sample.ActiveMQ.GetAllCustomerTest@7b5a12ae]" started-at="2021-08-19T20:24:14Z" name="GetCustomerFound_positive" finished-at="2021-08-19T20:24:16Z" duration-ms="1436" status="PASS">
          <reporter-output>
          </reporter-output>
        </test-method> <!-- GetCustomerFound_positive -->
      </class> <!-- com.sample.ActiveMQ.GetAllCustomerTest -->
      <class name="com.sample.ActiveMQ.GetCustomerDetails">
        <test-method is-config="true" signature="init()[pri:0, instance:com.sample.ActiveMQ.GetCustomerDetails@5553d0f5]" started-at="2021-08-19T20:24:16Z" name="init" finished-at="2021-08-19T20:24:16Z" duration-ms="13" status="PASS">
          <reporter-output>
          </reporter-output>
        </test-method> <!-- init -->
        <test-method signature="GetCustomerFound_notFound()[pri:0, instance:com.sample.ActiveMQ.GetCustomerDetails@5553d0f5]" started-at="2021-08-19T20:24:16Z" name="GetCustomerFound_notFound" finished-at="2021-08-19T20:24:16Z" duration-ms="48" status="PASS">
          <reporter-output>
          </reporter-output>
        </test-method> <!-- GetCustomerFound_notFound -->
        <test-method is-config="true" signature="init()[pri:0, instance:com.sample.ActiveMQ.GetCustomerDetails@5553d0f5]" started-at="2021-08-19T20:24:16Z" name="init" finished-at="2021-08-19T20:24:16Z" duration-ms="1" status="PASS">
          <reporter-output>
          </reporter-output>
        </test-method> <!-- init -->
        <test-method signature="GetCustomerFound_positive()[pri:0, instance:com.sample.ActiveMQ.GetCustomerDetails@5553d0f5]" started-at="2021-08-19T20:24:16Z" name="GetCustomerFound_positive" finished-at="2021-08-19T20:24:16Z" duration-ms="71" status="PASS">
          <reporter-output>
          </reporter-output>
        </test-method> <!-- GetCustomerFound_positive -->
      </class> <!-- com.sample.ActiveMQ.GetCustomerDetails -->
    </test> <!-- PackageTestCase -->
  </suite> <!-- Suite -->
</testng-results>
